2013-09-18 15:45:45,177 INFO  [org.eclim.eclipse.EclimDaemon] Workspace: /home/b/blaken/cs290/lab3
2013-09-18 15:45:45,178 INFO  [org.eclim.eclipse.EclimDaemon] Home: /opt/eclipse/plugins/org.eclim_2.3.1/
2013-09-18 15:45:45,178 INFO  [org.eclim.eclipse.EclimDaemon] Starting eclim...
2013-09-18 15:45:45,186 INFO  [org.eclim.eclipse.EclimDaemon] Loading plugin org.eclim
2013-09-18 15:45:45,188 INFO  [org.eclim.eclipse.EclimDaemon] Loading plugin org.eclim.core
2013-09-18 15:45:45,389 INFO  [org.eclim.plugin.core.CorePlugin] Loading eclim plugins...
2013-09-18 15:45:45,391 INFO  [org.eclim.plugin.core.CorePlugin] Loading plugin org.eclim.jdt
2013-09-18 15:45:45,392 INFO  [org.eclim.plugin.core.CorePlugin] Plugins loaded.
2013-09-18 15:45:45,392 INFO  [org.eclim.eclipse.EclimDaemon] Loaded plugin org.eclim.core
2013-09-18 15:45:45,392 INFO  [org.eclim.eclipse.EclimDaemon] Eclim Server Started on: 0.0.0.0:10012
2013-09-18 16:01:22,340 INFO  [org.eclim.eclipse.EclimDaemon] Shutting down eclim...
2013-09-18 16:01:22,355 INFO  [org.eclim.eclipse.EclimDaemon] Stopping plugin org.eclim.core
2013-09-18 16:01:22,357 INFO  [org.eclim.plugin.core.CorePlugin] Stopping plugin org.eclim.jdt
2013-09-18 16:01:22,358 INFO  [org.eclim.eclipse.EclimDaemon] Eclim stopped.
2013-09-18 16:08:36,082 INFO  [org.eclim.eclipse.EclimDaemon] Workspace: /home/b/blaken/cs290/lab3
2013-09-18 16:08:36,083 INFO  [org.eclim.eclipse.EclimDaemon] Home: /opt/eclipse/plugins/org.eclim_2.3.1/
2013-09-18 16:08:36,083 INFO  [org.eclim.eclipse.EclimDaemon] Starting eclim...
2013-09-18 16:08:36,090 INFO  [org.eclim.eclipse.EclimDaemon] Loading plugin org.eclim
2013-09-18 16:08:36,094 INFO  [org.eclim.eclipse.EclimDaemon] Loading plugin org.eclim.core
2013-09-18 16:08:36,196 INFO  [org.eclim.plugin.core.CorePlugin] Loading eclim plugins...
2013-09-18 16:08:36,198 INFO  [org.eclim.plugin.core.CorePlugin] Loading plugin org.eclim.jdt
2013-09-18 16:08:36,199 INFO  [org.eclim.plugin.core.CorePlugin] Plugins loaded.
2013-09-18 16:08:36,199 INFO  [org.eclim.eclipse.EclimDaemon] Loaded plugin org.eclim.core
2013-09-18 16:08:36,199 INFO  [org.eclim.eclipse.EclimDaemon] Eclim Server Started on: 0.0.0.0:10012
2013-09-18 16:10:07,462 INFO  [org.eclim.eclipse.EclimDaemon] Shutting down eclim...
2013-09-18 16:10:07,528 INFO  [org.eclim.eclipse.EclimDaemon] Stopping plugin org.eclim.core
2013-09-18 16:10:07,530 INFO  [org.eclim.plugin.core.CorePlugin] Stopping plugin org.eclim.jdt
2013-09-18 16:10:07,531 INFO  [org.eclim.eclipse.EclimDaemon] Eclim stopped.
