This is pdfTeX, Version 3.1415926-2.4-1.40.13 (TeX Live 2012/Debian) (format=pdflatex 2013.8.27)  8 OCT 2013 22:34
entering extended mode
 restricted \write18 enabled.
 %&-line parsing enabled.
**teamroles.tex
(./teamroles.tex
LaTeX2e <2011/06/27>
Babel <v3.8m> and hyphenation patterns for english, dumylang, nohyphenation, et
hiopic, farsi, arabic, pinyin, croatian, bulgarian, ukrainian, russian, slovak,
 czech, danish, dutch, usenglishmax, ukenglish, finnish, french, basque, ngerma
n, german, swissgerman, ngerman-x-2012-05-30, german-x-2012-05-30, monogreek, g
reek, ibycus, ancientgreek, hungarian, bengali, tamil, hindi, telugu, gujarati,
 sanskrit, malayalam, kannada, assamese, marathi, oriya, panjabi, italian, lati
n, latvian, lithuanian, mongolian, mongolianlmc, nynorsk, bokmal, indonesian, e
speranto, coptic, welsh, irish, interlingua, serbian, serbianc, slovenian, friu
lan, romansh, estonian, romanian, armenian, uppersorbian, turkish, afrikaans, i
celandic, kurmanji, polish, portuguese, galician, catalan, spanish, swedish, lo
aded.
(/usr/share/texlive/texmf-dist/tex/latex/base/article.cls
Document Class: article 2007/10/19 v1.4h Standard LaTeX document class
(/usr/share/texlive/texmf-dist/tex/latex/base/size10.clo
File: size10.clo 2007/10/19 v1.4h Standard LaTeX file (size option)
)
\c@part=\count79
\c@section=\count80
\c@subsection=\count81
\c@subsubsection=\count82
\c@paragraph=\count83
\c@subparagraph=\count84
\c@figure=\count85
\c@table=\count86
\abovecaptionskip=\skip41
\belowcaptionskip=\skip42
\bibindent=\dimen102
)
No file teamroles.aux.
\openout1 = `teamroles.aux'.

LaTeX Font Info:    Checking defaults for OML/cmm/m/it on input line 2.
LaTeX Font Info:    ... okay on input line 2.
LaTeX Font Info:    Checking defaults for T1/cmr/m/n on input line 2.
LaTeX Font Info:    ... okay on input line 2.
LaTeX Font Info:    Checking defaults for OT1/cmr/m/n on input line 2.
LaTeX Font Info:    ... okay on input line 2.
LaTeX Font Info:    Checking defaults for OMS/cmsy/m/n on input line 2.
LaTeX Font Info:    ... okay on input line 2.
LaTeX Font Info:    Checking defaults for OMX/cmex/m/n on input line 2.
LaTeX Font Info:    ... okay on input line 2.
LaTeX Font Info:    Checking defaults for U/cmr/m/n on input line 2.
LaTeX Font Info:    ... okay on input line 2.
[1

{/var/lib/texmf/fonts/map/pdftex/updmap/pdftex.map}] (./teamroles.aux) ) 
Here is how much of TeX's memory you used:
 201 strings out of 493493
 2165 string characters out of 3143797
 49987 words of memory out of 3000000
 3594 multiletter control sequences out of 15000+200000
 3948 words of font info for 15 fonts, out of 3000000 for 9000
 957 hyphenation exceptions out of 8191
 23i,4n,17p,275b,107s stack positions out of 5000i,500n,10000p,200000b,50000s
</usr/s
hare/texlive/texmf-dist/fonts/type1/public/amsfonts/cm/cmbx10.pfb></usr/share/t
exlive/texmf-dist/fonts/type1/public/amsfonts/cm/cmr10.pfb>
Output written on teamroles.pdf (1 page, 31406 bytes).
PDF statistics:
 16 PDF objects out of 1000 (max. 8388607)
 10 compressed objects within 1 object stream
 0 named destinations out of 1000 (max. 500000)
 1 words of extra memory for PDF output out of 10000 (max. 10000000)

